{"/Users/ville/Downloads/ohtuproj/SEB-yhteensopiva_finlex-lukija/frontend/src/App.tsx": {"path":"/Users/ville/Downloads/ohtuproj/SEB-yhteensopiva_finlex-lukija/frontend/src/App.tsx","all":true,"statementMap":{"3":{"start":{"line":4,"column":0},"end":{"line":4,"column":9}},"8":{"start":{"line":9,"column":0},"end":{"line":9,"column":44}},"9":{"start":{"line":10,"column":0},"end":{"line":10,"column":42}},"12":{"start":{"line":13,"column":0},"end":{"line":13,"column":19}},"14":{"start":{"line":15,"column":0},"end":{"line":15,"column":48}},"17":{"start":{"line":18,"column":0},"end":{"line":18,"column":10}},"18":{"start":{"line":19,"column":0},"end":{"line":19,"column":12}},"19":{"start":{"line":20,"column":0},"end":{"line":20,"column":9}},"20":{"start":{"line":21,"column":0},"end":{"line":21,"column":12}},"21":{"start":{"line":22,"column":0},"end":{"line":22,"column":78}},"22":{"start":{"line":23,"column":0},"end":{"line":23,"column":98}},"23":{"start":{"line":24,"column":0},"end":{"line":24,"column":13}},"24":{"start":{"line":25,"column":0},"end":{"line":25,"column":10}},"25":{"start":{"line":26,"column":0},"end":{"line":26,"column":13}},"27":{"start":{"line":28,"column":0},"end":{"line":28,"column":1}},"29":{"start":{"line":30,"column":0},"end":{"line":30,"column":18}}},"s":{"3":0,"8":0,"9":0,"12":0,"14":0,"17":0,"18":0,"19":0,"20":0,"21":0,"22":0,"23":0,"24":0,"25":0,"27":0,"29":0},"branchMap":{"0":{"type":"branch","line":1,"loc":{"start":{"line":1,"column":556},"end":{"line":30,"column":18}},"locations":[{"start":{"line":1,"column":556},"end":{"line":30,"column":18}}]}},"b":{"0":[1]},"fnMap":{"0":{"name":"(empty-report)","decl":{"start":{"line":1,"column":556},"end":{"line":30,"column":18}},"loc":{"start":{"line":1,"column":556},"end":{"line":30,"column":18}},"line":1}},"f":{"0":1}}
,"/Users/ville/Downloads/ohtuproj/SEB-yhteensopiva_finlex-lukija/frontend/src/main.tsx": {"path":"/Users/ville/Downloads/ohtuproj/SEB-yhteensopiva_finlex-lukija/frontend/src/main.tsx","all":true,"statementMap":{"0":{"start":{"line":1,"column":0},"end":{"line":1,"column":39}},"1":{"start":{"line":2,"column":0},"end":{"line":2,"column":27}},"4":{"start":{"line":5,"column":0},"end":{"line":5,"column":61}},"5":{"start":{"line":6,"column":0},"end":{"line":6,"column":12}},"6":{"start":{"line":7,"column":0},"end":{"line":7,"column":1}}},"s":{"0":0,"1":0,"4":0,"5":0,"6":0},"branchMap":{"0":{"type":"branch","line":1,"loc":{"start":{"line":1,"column":136},"end":{"line":7,"column":-106}},"locations":[{"start":{"line":1,"column":136},"end":{"line":7,"column":-106}}]}},"b":{"0":[0]},"fnMap":{"0":{"name":"(empty-report)","decl":{"start":{"line":1,"column":136},"end":{"line":7,"column":-106}},"loc":{"start":{"line":1,"column":136},"end":{"line":7,"column":-106}},"line":1}},"f":{"0":0}}
,"/Users/ville/Downloads/ohtuproj/SEB-yhteensopiva_finlex-lukija/frontend/src/types.ts": {"path":"/Users/ville/Downloads/ohtuproj/SEB-yhteensopiva_finlex-lukija/frontend/src/types.ts","all":false,"statementMap":{},"s":{},"branchMap":{},"b":{},"fnMap":{},"f":{}}
,"/Users/ville/Downloads/ohtuproj/SEB-yhteensopiva_finlex-lukija/frontend/src/components/LawList.tsx": {"path":"/Users/ville/Downloads/ohtuproj/SEB-yhteensopiva_finlex-lukija/frontend/src/components/LawList.tsx","all":false,"statementMap":{"1":{"start":{"line":2,"column":0},"end":{"line":2,"column":29}},"5":{"start":{"line":6,"column":0},"end":{"line":6,"column":44}},"7":{"start":{"line":8,"column":0},"end":{"line":8,"column":21}},"8":{"start":{"line":9,"column":0},"end":{"line":9,"column":19}},"9":{"start":{"line":10,"column":0},"end":{"line":10,"column":31}},"10":{"start":{"line":11,"column":0},"end":{"line":11,"column":20}},"11":{"start":{"line":12,"column":0},"end":{"line":12,"column":18}},"12":{"start":{"line":13,"column":0},"end":{"line":13,"column":3}},"14":{"start":{"line":15,"column":0},"end":{"line":15,"column":10}},"15":{"start":{"line":16,"column":0},"end":{"line":16,"column":6}},"17":{"start":{"line":18,"column":0},"end":{"line":18,"column":24}},"19":{"start":{"line":20,"column":0},"end":{"line":20,"column":119}},"20":{"start":{"line":21,"column":0},"end":{"line":21,"column":90}},"21":{"start":{"line":22,"column":0},"end":{"line":22,"column":7}},"26":{"start":{"line":27,"column":0},"end":{"line":27,"column":7}},"29":{"start":{"line":30,"column":0},"end":{"line":30,"column":1}},"32":{"start":{"line":33,"column":0},"end":{"line":33,"column":22}}},"s":{"1":1,"5":1,"7":1,"8":1,"9":1,"10":1,"11":1,"12":1,"14":1,"15":1,"17":1,"19":2,"20":2,"21":1,"26":1,"29":1,"32":1},"branchMap":{"0":{"type":"branch","line":6,"loc":{"start":{"line":6,"column":16},"end":{"line":30,"column":1}},"locations":[{"start":{"line":6,"column":16},"end":{"line":30,"column":1}}]},"1":{"type":"branch","line":18,"loc":{"start":{"line":18,"column":15},"end":{"line":21,"column":90}},"locations":[{"start":{"line":18,"column":15},"end":{"line":21,"column":90}}]}},"b":{"0":[1],"1":[2]},"fnMap":{"0":{"name":"LawList","decl":{"start":{"line":6,"column":16},"end":{"line":30,"column":1}},"loc":{"start":{"line":6,"column":16},"end":{"line":30,"column":1}},"line":6}},"f":{"0":1}}
,"/Users/ville/Downloads/ohtuproj/SEB-yhteensopiva_finlex-lukija/frontend/src/components/LawPage.tsx": {"path":"/Users/ville/Downloads/ohtuproj/SEB-yhteensopiva_finlex-lukija/frontend/src/components/LawPage.tsx","all":true,"statementMap":{"0":{"start":{"line":1,"column":0},"end":{"line":1,"column":25}},"1":{"start":{"line":2,"column":0},"end":{"line":2,"column":32}},"3":{"start":{"line":4,"column":0},"end":{"line":4,"column":44}},"4":{"start":{"line":5,"column":0},"end":{"line":5,"column":40}},"8":{"start":{"line":9,"column":0},"end":{"line":9,"column":38}},"10":{"start":{"line":11,"column":0},"end":{"line":11,"column":43}},"11":{"start":{"line":12,"column":0},"end":{"line":12,"column":43}},"13":{"start":{"line":14,"column":0},"end":{"line":14,"column":44}},"17":{"start":{"line":18,"column":0},"end":{"line":18,"column":43}},"18":{"start":{"line":19,"column":0},"end":{"line":19,"column":42}},"19":{"start":{"line":20,"column":0},"end":{"line":20,"column":41}},"22":{"start":{"line":23,"column":0},"end":{"line":23,"column":51}},"29":{"start":{"line":30,"column":0},"end":{"line":30,"column":19}},"30":{"start":{"line":31,"column":0},"end":{"line":31,"column":3}},"32":{"start":{"line":33,"column":0},"end":{"line":33,"column":66}},"34":{"start":{"line":35,"column":0},"end":{"line":35,"column":10}},"36":{"start":{"line":37,"column":0},"end":{"line":37,"column":9}},"37":{"start":{"line":38,"column":0},"end":{"line":38,"column":24}},"38":{"start":{"line":39,"column":0},"end":{"line":39,"column":46}},"40":{"start":{"line":41,"column":0},"end":{"line":41,"column":8}},"41":{"start":{"line":42,"column":0},"end":{"line":42,"column":10}},"45":{"start":{"line":46,"column":0},"end":{"line":46,"column":1}},"48":{"start":{"line":49,"column":0},"end":{"line":49,"column":22}}},"s":{"0":0,"1":0,"3":0,"4":0,"8":0,"10":0,"11":0,"13":0,"17":0,"18":0,"19":0,"22":0,"29":0,"30":0,"32":0,"34":0,"36":0,"37":0,"38":0,"40":0,"41":0,"45":0,"48":0},"branchMap":{"0":{"type":"branch","line":1,"loc":{"start":{"line":1,"column":1162},"end":{"line":49,"column":22}},"locations":[{"start":{"line":1,"column":1162},"end":{"line":49,"column":22}}]}},"b":{"0":[0]},"fnMap":{"0":{"name":"(empty-report)","decl":{"start":{"line":1,"column":1162},"end":{"line":49,"column":22}},"loc":{"start":{"line":1,"column":1162},"end":{"line":49,"column":22}},"line":1}},"f":{"0":0}}
,"/Users/ville/Downloads/ohtuproj/SEB-yhteensopiva_finlex-lukija/frontend/src/components/ListPage.tsx": {"path":"/Users/ville/Downloads/ohtuproj/SEB-yhteensopiva_finlex-lukija/frontend/src/components/ListPage.tsx","all":true,"statementMap":{"0":{"start":{"line":1,"column":0},"end":{"line":1,"column":25}},"1":{"start":{"line":2,"column":0},"end":{"line":2,"column":32}},"2":{"start":{"line":3,"column":0},"end":{"line":3,"column":37}},"3":{"start":{"line":4,"column":0},"end":{"line":4,"column":31}},"8":{"start":{"line":9,"column":0},"end":{"line":9,"column":39}},"12":{"start":{"line":13,"column":0},"end":{"line":13,"column":50}},"13":{"start":{"line":14,"column":0},"end":{"line":14,"column":46}},"14":{"start":{"line":15,"column":0},"end":{"line":15,"column":45}},"20":{"start":{"line":21,"column":0},"end":{"line":21,"column":43}},"21":{"start":{"line":22,"column":0},"end":{"line":22,"column":42}},"22":{"start":{"line":23,"column":0},"end":{"line":23,"column":41}},"23":{"start":{"line":24,"column":0},"end":{"line":24,"column":26}},"24":{"start":{"line":25,"column":0},"end":{"line":25,"column":3}},"28":{"start":{"line":29,"column":0},"end":{"line":29,"column":68}},"29":{"start":{"line":30,"column":0},"end":{"line":30,"column":26}},"30":{"start":{"line":31,"column":0},"end":{"line":31,"column":54}},"31":{"start":{"line":32,"column":0},"end":{"line":32,"column":3}},"34":{"start":{"line":35,"column":0},"end":{"line":35,"column":68}},"35":{"start":{"line":36,"column":0},"end":{"line":36,"column":33}},"36":{"start":{"line":37,"column":0},"end":{"line":37,"column":31}},"37":{"start":{"line":38,"column":0},"end":{"line":38,"column":3}},"42":{"start":{"line":43,"column":0},"end":{"line":43,"column":10}},"44":{"start":{"line":45,"column":0},"end":{"line":45,"column":25}},"45":{"start":{"line":46,"column":0},"end":{"line":46,"column":25}},"48":{"start":{"line":49,"column":0},"end":{"line":49,"column":33}},"49":{"start":{"line":50,"column":0},"end":{"line":50,"column":65}},"50":{"start":{"line":51,"column":0},"end":{"line":51,"column":54}},"51":{"start":{"line":52,"column":0},"end":{"line":52,"column":6}},"53":{"start":{"line":54,"column":0},"end":{"line":54,"column":27}},"54":{"start":{"line":55,"column":0},"end":{"line":55,"column":10}},"58":{"start":{"line":59,"column":0},"end":{"line":59,"column":1}},"61":{"start":{"line":62,"column":0},"end":{"line":62,"column":23}}},"s":{"0":0,"1":0,"2":0,"3":0,"8":0,"12":0,"13":0,"14":0,"20":0,"21":0,"22":0,"23":0,"24":0,"28":0,"29":0,"30":0,"31":0,"34":0,"35":0,"36":0,"37":0,"42":0,"44":0,"45":0,"48":0,"49":0,"50":0,"51":0,"53":0,"54":0,"58":0,"61":0},"branchMap":{"0":{"type":"branch","line":1,"loc":{"start":{"line":1,"column":1350},"end":{"line":62,"column":23}},"locations":[{"start":{"line":1,"column":1350},"end":{"line":62,"column":23}}]}},"b":{"0":[0]},"fnMap":{"0":{"name":"(empty-report)","decl":{"start":{"line":1,"column":1350},"end":{"line":62,"column":23}},"loc":{"start":{"line":1,"column":1350},"end":{"line":62,"column":23}},"line":1}},"f":{"0":0}}
,"/Users/ville/Downloads/ohtuproj/SEB-yhteensopiva_finlex-lukija/frontend/src/components/SearchForm.tsx": {"path":"/Users/ville/Downloads/ohtuproj/SEB-yhteensopiva_finlex-lukija/frontend/src/components/SearchForm.tsx","all":false,"statementMap":{"2":{"start":{"line":3,"column":0},"end":{"line":3,"column":87}},"4":{"start":{"line":5,"column":0},"end":{"line":5,"column":23}},"5":{"start":{"line":6,"column":0},"end":{"line":6,"column":19}},"6":{"start":{"line":7,"column":0},"end":{"line":7,"column":29}},"7":{"start":{"line":8,"column":0},"end":{"line":8,"column":32}},"8":{"start":{"line":9,"column":0},"end":{"line":9,"column":20}},"9":{"start":{"line":10,"column":0},"end":{"line":10,"column":18}},"10":{"start":{"line":11,"column":0},"end":{"line":11,"column":3}},"14":{"start":{"line":15,"column":0},"end":{"line":15,"column":10}},"15":{"start":{"line":16,"column":0},"end":{"line":16,"column":48}},"16":{"start":{"line":17,"column":0},"end":{"line":17,"column":60}},"17":{"start":{"line":18,"column":0},"end":{"line":18,"column":47}},"18":{"start":{"line":19,"column":0},"end":{"line":19,"column":43}},"19":{"start":{"line":20,"column":0},"end":{"line":20,"column":24}},"20":{"start":{"line":21,"column":0},"end":{"line":21,"column":35}},"21":{"start":{"line":22,"column":0},"end":{"line":22,"column":12}},"22":{"start":{"line":23,"column":0},"end":{"line":23,"column":44}},"23":{"start":{"line":24,"column":0},"end":{"line":24,"column":15}},"24":{"start":{"line":25,"column":0},"end":{"line":25,"column":12}},"26":{"start":{"line":27,"column":0},"end":{"line":27,"column":1}},"28":{"start":{"line":29,"column":0},"end":{"line":29,"column":25}}},"s":{"2":1,"4":1,"5":1,"6":1,"7":1,"8":1,"9":1,"10":1,"14":1,"15":1,"16":1,"17":1,"18":1,"19":1,"20":1,"21":1,"22":1,"23":1,"24":1,"26":1,"28":1},"branchMap":{"0":{"type":"branch","line":3,"loc":{"start":{"line":3,"column":19},"end":{"line":27,"column":1}},"locations":[{"start":{"line":3,"column":19},"end":{"line":27,"column":1}}]}},"b":{"0":[1]},"fnMap":{"0":{"name":"SearchForm","decl":{"start":{"line":3,"column":19},"end":{"line":27,"column":1}},"loc":{"start":{"line":3,"column":19},"end":{"line":27,"column":1}},"line":3}},"f":{"0":1}}
}
